     1                                  bits 32 ; assembling for the 32 bits architecture
     2                                  
     3                                  ; declare the EntryPoint (a label defining the very first instruction of the program)
     4                                  global start        
     5                                  
     6                                  ; declare external functions needed by our program
     7                                  extern exit               ; tell nasm that exit exists even if we won't be defining it
     8                                  import exit msvcrt.dll    ; exit is a function that ends the calling process. It is defined in msvcrt.dll
     9                                                            ; msvcrt.dll contains exit, printf and all the other important C-runtime specific functions
    10                                  
    11                                  ; our data is declared here (the variables needed by our program)
    12                                  segment data use32 class=data
    13                                      ; ...
    14 00000000 06                          a DB 6
    15 00000001 0500                        b DW 5
    16 00000003 0A                          c Db 10
    17 00000004 0F                          d Db 15
    18                                  ; our code starts here
    19                                  segment code use32 class=code
    20                                      start:
    21                                          ; ...
    22 00000000 A0[04000000]                    mov AL, [d] 
    23 00000005 0205[04000000]                  add AL, [d]
    24 0000000B 2A05[01000000]                  sub AL, [b]
    25                                              
    26 00000011 8A1D[03000000]                  mov BL, [c]
    27 00000017 2A1D[00000000]                  sub BL, [a]
    28                                          
    29 0000001D 00D8                            add AL, BL
    30                                          
    31 0000001F 0205[04000000]                  add AL, [d]     ;AL = 44
    32                                          ; exit(0)
    33 00000025 6A00                            push    dword 0      ; push the parameter for exit onto the stack
    34 00000027 FF15[00000000]                  call    [exit]       ; call exit to terminate the program
